<?xml version="1.0" encoding="UTF-8"?>
<!-- Generated by org.testng.reporters.JUnitXMLReporter -->
<testsuite hostname="DESKTOP-R0GNJAC" ignored="1" name="Default test" tests="1" failures="0" timestamp="07 Aug 2019 20:05:07 GMT" time="17.419" errors="0">
  <testcase name="verifyNewContactTitleTest" time="0.203" classname="com.qa.crmpro.tests.ContactPageTest"/>
  <testcase name="verifyContactPageHeaderTest" time="0.0" classname="com.qa.crmpro.tests.ContactPageTest">
    <ignored/>
  </testcase> <!-- verifyContactPageHeaderTest -->
</testsuite> <!-- Default test -->
