<?xml version="1.0" encoding="UTF-8"?>
<!-- Generated by org.testng.reporters.JUnitXMLReporter -->
<testsuite hostname="DESKTOP-R0GNJAC" ignored="5" name="Default test" tests="1" failures="0" timestamp="28 Jul 2019 20:54:41 GMT" time="524.339" errors="0">
  <testcase name="calendarTitleInHomePage" time="36.58" classname="com.qa.crmpro.tests.HomePageTest"/>
  <testcase name="verifyHomePageHeader" time="0.0" classname="com.qa.crmpro.tests.HomePageTest">
    <ignored/>
  </testcase> <!-- verifyHomePageHeader -->
  <testcase name="homeTitleInHomePage" time="0.0" classname="com.qa.crmpro.tests.HomePageTest">
    <ignored/>
  </testcase> <!-- homeTitleInHomePage -->
  <testcase name="verifyFrames" time="0.0" classname="com.qa.crmpro.tests.HomePageTest">
    <ignored/>
  </testcase> <!-- verifyFrames -->
  <testcase name="verifyHomePageTitle" time="0.0" classname="com.qa.crmpro.tests.HomePageTest">
    <ignored/>
  </testcase> <!-- verifyHomePageTitle -->
  <testcase name="verifyLoggedInUserNameTest" time="0.0" classname="com.qa.crmpro.tests.HomePageTest">
    <ignored/>
  </testcase> <!-- verifyLoggedInUserNameTest -->
</testsuite> <!-- Default test -->
