<?xml version="1.0" encoding="UTF-8"?>
<testng-results skipped="0" failed="1" ignored="0" total="2" passed="1">
  <reporter-output>
  </reporter-output>
  <suite name="Default suite" duration-ms="34002" started-at="2019-07-21T21:47:57Z" finished-at="2019-07-21T21:48:31Z">
    <groups>
    </groups>
    <test name="Default test" duration-ms="34002" started-at="2019-07-21T21:47:57Z" finished-at="2019-07-21T21:48:31Z">
      <class name="com.qa.crmpro.tests.LoginPageTest">
        <test-method status="PASS" signature="setUp()[pri:0, instance:com.qa.crmpro.tests.LoginPageTest@1d057a39]" name="setUp" is-config="true" duration-ms="16646" started-at="2019-07-21T21:47:57Z" finished-at="2019-07-21T21:48:14Z">
          <reporter-output>
          </reporter-output>
        </test-method> <!-- setUp -->
        <test-method status="FAIL" signature="verifyNumberOfLinksLoginPageTest()[pri:0, instance:com.qa.crmpro.tests.LoginPageTest@1d057a39]" name="verifyNumberOfLinksLoginPageTest" duration-ms="31" started-at="2019-07-21T21:48:14Z" finished-at="2019-07-21T21:48:14Z">
          <exception class="java.lang.IllegalArgumentException">
            <message>
              <![CDATA[Cannot find elements when the id is null.]]>
            </message>
            <full-stacktrace>
              <![CDATA[java.lang.IllegalArgumentException: Cannot find elements when the id is null.
at org.openqa.selenium.By$ById.<init>(By.java:171)
at org.openqa.selenium.By.id(By.java:52)
at com.qa.crmpro.pages.LoginPage.totalLinks(LoginPage.java:41)
at com.qa.crmpro.tests.LoginPageTest.verifyNumberOfLinksLoginPageTest(LoginPageTest.java:41)
at sun.reflect.NativeMethodAccessorImpl.invoke0(Native Method)
at sun.reflect.NativeMethodAccessorImpl.invoke(NativeMethodAccessorImpl.java:62)
at sun.reflect.DelegatingMethodAccessorImpl.invoke(DelegatingMethodAccessorImpl.java:43)
at java.lang.reflect.Method.invoke(Method.java:498)
at org.testng.internal.MethodInvocationHelper.invokeMethod(MethodInvocationHelper.java:124)
at org.testng.internal.Invoker.invokeMethod(Invoker.java:583)
at org.testng.internal.Invoker.invokeTestMethod(Invoker.java:719)
at org.testng.internal.Invoker.invokeTestMethods(Invoker.java:989)
at org.testng.internal.TestMethodWorker.invokeTestMethods(TestMethodWorker.java:125)
at org.testng.internal.TestMethodWorker.run(TestMethodWorker.java:109)
at org.testng.TestRunner.privateRun(TestRunner.java:648)
at org.testng.TestRunner.run(TestRunner.java:505)
at org.testng.SuiteRunner.runTest(SuiteRunner.java:455)
at org.testng.SuiteRunner.runSequentially(SuiteRunner.java:450)
at org.testng.SuiteRunner.privateRun(SuiteRunner.java:415)
at org.testng.SuiteRunner.run(SuiteRunner.java:364)
at org.testng.SuiteRunnerWorker.runSuite(SuiteRunnerWorker.java:52)
at org.testng.SuiteRunnerWorker.run(SuiteRunnerWorker.java:84)
at org.testng.TestNG.runSuitesSequentially(TestNG.java:1208)
at org.testng.TestNG.runSuitesLocally(TestNG.java:1137)
at org.testng.TestNG.runSuites(TestNG.java:1049)
at org.testng.TestNG.run(TestNG.java:1017)
at org.testng.remote.AbstractRemoteTestNG.run(AbstractRemoteTestNG.java:114)
at org.testng.remote.RemoteTestNG.initAndRun(RemoteTestNG.java:251)
at org.testng.remote.RemoteTestNG.main(RemoteTestNG.java:77)
]]>
            </full-stacktrace>
          </exception> <!-- java.lang.IllegalArgumentException -->
          <reporter-output>
          </reporter-output>
        </test-method> <!-- verifyNumberOfLinksLoginPageTest -->
        <test-method status="PASS" signature="tearDown()[pri:0, instance:com.qa.crmpro.tests.LoginPageTest@1d057a39]" name="tearDown" is-config="true" duration-ms="789" started-at="2019-07-21T21:48:14Z" finished-at="2019-07-21T21:48:15Z">
          <reporter-output>
          </reporter-output>
        </test-method> <!-- tearDown -->
        <test-method status="PASS" signature="setUp()[pri:0, instance:com.qa.crmpro.tests.LoginPageTest@1d057a39]" name="setUp" is-config="true" duration-ms="15059" started-at="2019-07-21T21:48:15Z" finished-at="2019-07-21T21:48:30Z">
          <reporter-output>
          </reporter-output>
        </test-method> <!-- setUp -->
        <test-method status="PASS" signature="verifyLoginPageTitleTest()[pri:1, instance:com.qa.crmpro.tests.LoginPageTest@1d057a39]" name="verifyLoginPageTitleTest" duration-ms="15" started-at="2019-07-21T21:48:30Z" finished-at="2019-07-21T21:48:30Z">
          <reporter-output>
          </reporter-output>
        </test-method> <!-- verifyLoginPageTitleTest -->
        <test-method status="PASS" signature="tearDown()[pri:0, instance:com.qa.crmpro.tests.LoginPageTest@1d057a39]" name="tearDown" is-config="true" duration-ms="1362" started-at="2019-07-21T21:48:30Z" finished-at="2019-07-21T21:48:31Z">
          <reporter-output>
          </reporter-output>
        </test-method> <!-- tearDown -->
      </class> <!-- com.qa.crmpro.tests.LoginPageTest -->
    </test> <!-- Default test -->
  </suite> <!-- Default suite -->
</testng-results>
